<?xml version="1.0" encoding="UTF-8"?>
<!-- Generated by org.testng.reporters.JUnitReportReporter -->
<testsuite hostname="LAPTOP-A648GEG9" failures="0" tests="1" name="test.UserRegistrationTest" time="8.659" errors="0" timestamp="2020-05-19T17:37:02 EET" skipped="0">
  <testcase classname="test.UserRegistrationTest" name="userCanRegisterSuccessfully" time="8.659"/>
  <system-out/>
</testsuite> <!-- test.UserRegistrationTest -->
