<?xml version="1.0" encoding="UTF-8"?>
<!-- Generated by org.testng.reporters.JUnitReportReporter -->
<testsuite hostname="LAPTOP-A648GEG9" failures="0" tests="2" name="tests.UserRegistrationTest" time="30.532" errors="0" timestamp="2020-05-20T13:42:04 EET" skipped="0">
  <testcase classname="tests.UserRegistrationTest" name="registertedUserCanLogin" time="10.659"/>
  <system-out/>
  <testcase classname="tests.UserRegistrationTest" name="userCanRegisterSuccessfully" time="19.873"/>
  <system-out/>
</testsuite> <!-- tests.UserRegistrationTest -->
